# JRE version: OpenJDK Runtime Environment Temurin-21.0.11+10 (21.0.11+10) (build 21.0.11+10-LTS)
# Java VM: OpenJDK 64-Bit Server VM Temurin-21.0.11+10 (21.0.11+10-LTS, mixed mode, sharing, tiered, compressed oops, compressed class ptrs, g1 gc, windows-amd64)
GC Precious Log:
 CardTable entry size: 512
 Card Set container configuration: InlinePtr #cards 4 size 8 Array Of Cards #cards 32 size 80 Howl #buckets 8 coarsen threshold 7372 Howl Bitmap #cards 1024 size 144 coarsen threshold 921 Card regions per heap region 1 cards per card region 8192
 CPUs: 16 total, 16 available
 Memory: 15775M
 Large Page Support: Disabled
 NUMA Support: Disabled
 Compressed Oops: Enabled (Zero based)
 Heap Region Size: 4M
 Heap Min Capacity: 8M
 Heap Initial Capacity: 248M
 Heap Max Capacity: 8G
 Pre-touch: Disabled
 Parallel Workers: 13
 Concurrent Workers: 3
 Concurrent Refinement Workers: 13
 Periodic GC: Disabled
Heap:
 garbage-first heap   total 102400K, used 70020K [0x0000000600000000, 0x0000000800000000)
  region size 4096K, 11 young (45056K), 2 survivors (8192K)
 Metaspace       used 47537K, committed 49280K, reserved 1114112K
  class space    used 7009K, committed 7872K, reserved 1048576K
GC Heap History (20 events):
Event: 0.511 GC heap before
{Heap before GC invocations=0 (full 0):
 garbage-first heap   total 253952K, used 20480K [0x0000000600000000, 0x0000000800000000)
  region size 4096K, 5 young (20480K), 0 survivors (0K)
 Metaspace       used 881K, committed 1024K, reserved 1114112K
  class space    used 71K, committed 128K, reserved 1048576K
}
Event: 0.514 GC heap after
{Heap after GC invocations=1 (full 0):
 garbage-first heap   total 253952K, used 1580K [0x0000000600000000, 0x0000000800000000)
  region size 4096K, 1 young (4096K), 1 survivors (4096K)
 Metaspace       used 881K, committed 1024K, reserved 1114112K
  class space    used 71K, committed 128K, reserved 1048576K
}
Event: 1.449 GC heap before
{Heap before GC invocations=1 (full 0):
 garbage-first heap   total 253952K, used 46636K [0x0000000600000000, 0x0000000800000000)
  region size 4096K, 11 young (45056K), 1 survivors (4096K)
 Metaspace       used 4608K, committed 4800K, reserved 1114112K
  class space    used 583K, committed 704K, reserved 1048576K
}
Event: 1.455 GC heap after
{Heap after GC invocations=2 (full 0):
 garbage-first heap   total 253952K, used 11598K [0x0000000600000000, 0x0000000800000000)
  region size 4096K, 2 young (8192K), 2 survivors (8192K)
 Metaspace       used 4608K, committed 4800K, reserved 1114112K
  class space    used 583K, committed 704K, reserved 1048576K
}
Event: 9.186 GC heap before
{Heap before GC invocations=2 (full 0):
 garbage-first heap   total 253952K, used 122190K [0x0000000600000000, 0x0000000800000000)
  region size 4096K, 30 young (122880K), 2 survivors (8192K)
 Metaspace       used 17158K, committed 17664K, reserved 1114112K
  class space    used 2418K, committed 2624K, reserved 1048576K
}
Event: 9.194 GC heap after
{Heap after GC invocations=3 (full 0):
 garbage-first heap   total 253952K, used 21156K [0x0000000600000000, 0x0000000800000000)
  region size 4096K, 4 young (16384K), 4 survivors (16384K)
 Metaspace       used 17158K, committed 17664K, reserved 1114112K
  class space    used 2418K, committed 2624K, reserved 1048576K
}
Event: 13.106 GC heap before
{Heap before GC invocations=3 (full 0):
 garbage-first heap   total 253952K, used 45732K [0x0000000600000000, 0x0000000800000000)
  region size 4096K, 11 young (45056K), 4 survivors (16384K)
 Metaspace       used 20900K, committed 21504K, reserved 1114112K
  class space    used 2915K, committed 3200K, reserved 1048576K
}
Event: 13.111 GC heap after
{Heap after GC invocations=4 (full 0):
 garbage-first heap   total 253952K, used 23616K [0x0000000600000000, 0x0000000800000000)
  region size 4096K, 3 young (12288K), 3 survivors (12288K)
 Metaspace       used 20900K, committed 21504K, reserved 1114112K
  class space    used 2915K, committed 3200K, reserved 1048576K
}
Event: 17.153 GC heap before
{Heap before GC invocations=5 (full 0):
 garbage-first heap   total 81920K, used 76864K [0x0000000600000000, 0x0000000800000000)
  region size 4096K, 17 young (69632K), 3 survivors (12288K)
 Metaspace       used 27936K, committed 28928K, reserved 1114112K
  class space    used 4032K, committed 4544K, reserved 1048576K
}
Event: 17.160 GC heap after
{Heap after GC invocations=6 (full 0):
 garbage-first heap   total 102400K, used 26949K [0x0000000600000000, 0x0000000800000000)
  region size 4096K, 2 young (8192K), 2 survivors (8192K)
 Metaspace       used 27936K, committed 28928K, reserved 1114112K
  class space    used 4032K, committed 4544K, reserved 1048576K
}
Event: 18.775 GC heap before
{Heap before GC invocations=6 (full 0):
 garbage-first heap   total 102400K, used 76101K [0x0000000600000000, 0x0000000800000000)
  region size 4096K, 15 young (61440K), 2 survivors (8192K)
 Metaspace       used 34607K, committed 35968K, reserved 1114112K
  class space    used 4944K, committed 5632K, reserved 1048576K
}
Event: 18.780 GC heap after
{Heap after GC invocations=7 (full 0):
 garbage-first heap   total 102400K, used 30094K [0x0000000600000000, 0x0000000800000000)
  region size 4096K, 2 young (8192K), 2 survivors (8192K)
 Metaspace       used 34607K, committed 35968K, reserved 1114112K
  class space    used 4944K, committed 5632K, reserved 1048576K
}
Event: 18.902 GC heap before
{Heap before GC invocations=7 (full 0):
 garbage-first heap   total 102400K, used 30094K [0x0000000600000000, 0x0000000800000000)
  region size 4096K, 3 young (12288K), 2 survivors (8192K)
 Metaspace       used 35027K, committed 36288K, reserved 1114112K
  class space    used 5009K, committed 5632K, reserved 1048576K
}
Event: 18.906 GC heap after
{Heap after GC invocations=8 (full 0):
 garbage-first heap   total 102400K, used 30677K [0x0000000600000000, 0x0000000800000000)
  region size 4096K, 1 young (4096K), 1 survivors (4096K)
 Metaspace       used 35027K, committed 36288K, reserved 1114112K
  class space    used 5009K, committed 5632K, reserved 1048576K
}
Event: 20.211 GC heap before
{Heap before GC invocations=9 (full 0):
 garbage-first heap   total 102400K, used 83925K [0x0000000600000000, 0x0000000800000000)
  region size 4096K, 14 young (57344K), 1 survivors (4096K)
 Metaspace       used 38408K, committed 39936K, reserved 1114112K
  class space    used 5597K, committed 6336K, reserved 1048576K
}
Event: 20.216 GC heap after
{Heap after GC invocations=10 (full 0):
 garbage-first heap   total 102400K, used 32714K [0x0000000600000000, 0x0000000800000000)
  region size 4096K, 2 young (8192K), 2 survivors (8192K)
 Metaspace       used 38408K, committed 39936K, reserved 1114112K
  class space    used 5597K, committed 6336K, reserved 1048576K
}
Event: 22.047 GC heap before
{Heap before GC invocations=10 (full 0):
 garbage-first heap   total 102400K, used 81866K [0x0000000600000000, 0x0000000800000000)
  region size 4096K, 14 young (57344K), 2 survivors (8192K)
 Metaspace       used 41226K, committed 42944K, reserved 1114112K
  class space    used 6065K, committed 6912K, reserved 1048576K
}
Event: 22.050 GC heap after
{Heap after GC invocations=11 (full 0):
 garbage-first heap   total 102400K, used 34579K [0x0000000600000000, 0x0000000800000000)
  region size 4096K, 2 young (8192K), 2 survivors (8192K)
 Metaspace       used 41226K, committed 42944K, reserved 1114112K
  class space    used 6065K, committed 6912K, reserved 1048576K
}
Event: 24.122 GC heap before
{Heap before GC invocations=11 (full 0):
 garbage-first heap   total 102400K, used 83731K [0x0000000600000000, 0x0000000800000000)
  region size 4096K, 14 young (57344K), 2 survivors (8192K)
 Metaspace       used 46053K, committed 47744K, reserved 1114112K
  class space    used 6826K, committed 7680K, reserved 1048576K
}
Event: 24.127 GC heap after
{Heap after GC invocations=12 (full 0):
 garbage-first heap   total 102400K, used 37252K [0x0000000600000000, 0x0000000800000000)
  region size 4096K, 2 young (8192K), 2 survivors (8192K)
 Metaspace       used 46053K, committed 47744K, reserved 1114112K
  class space    used 6826K, committed 7680K, reserved 1048576K
}

